<?xml version="1.0" encoding="UTF-8"?>
<!-- Generated by org.testng.reporters.JUnitReportReporter -->
<testsuite skipped="0" hostname="DESKTOP-LAO6R8V" name="com.herokuapp.internet.the.testsuite.LoginPageTest" tests="1" failures="0" timestamp="2022-12-13T16:21:44 GMT" time="8.292" errors="0">
  <testcase name="verifyThePasswordErrorMessage" time="8.292" classname="com.herokuapp.internet.the.testsuite.LoginPageTest"/>
  <system-out>
    <![CDATA[Enter username [[ChromeDriver: chrome on WINDOWS (a806633404bb2d6877beaf4829f68321)] -> name: username]
Enter password [[ChromeDriver: chrome on WINDOWS (a806633404bb2d6877beaf4829f68321)] -> name: password]
Click on login button [[ChromeDriver: chrome on WINDOWS (a806633404bb2d6877beaf4829f68321)] -> xpath: //i[contains(text(),'Login')]]
Verify password error Message : [[ChromeDriver: chrome on WINDOWS (a806633404bb2d6877beaf4829f68321)] -> id: flash]]]>
  </system-out>
</testsuite> <!-- com.herokuapp.internet.the.testsuite.LoginPageTest -->
